<?xml version="1.0" encoding="UTF-8"?>
<!-- Generated by org.testng.reporters.JUnitReportReporter -->
<testsuite hostname="VENKAT" name="venkat.journey.tests.FlightBookingRoundtripSteps" tests="1" failures="0" timestamp="10 Feb 2018 05:42:33 GMT" time="26.229" errors="0">
  <testcase name="testRoundTripFlightBooking" time="26.229" classname="venkat.journey.tests.FlightBookingRoundtripSteps"/>
</testsuite> <!-- venkat.journey.tests.FlightBookingRoundtripSteps -->
