<?xml version="1.0" encoding="UTF-8"?>
<!-- Generated by org.testng.reporters.JUnitReportReporter -->
<testsuite hostname="ICPL12225" name="venkat.journey.tests.FlightBookingOnewaySteps" tests="2" failures="0" timestamp="1 Feb 2018 06:58:36 GMT" time="45.609" errors="0">
  <testcase name="testOnewayBookingSteps" time="26.523" classname="venkat.journey.tests.FlightBookingOnewaySteps"/>
  <testcase name="testOnewayBookingSteps" time="19.086" classname="venkat.journey.tests.FlightBookingOnewaySteps"/>
</testsuite> <!-- venkat.journey.tests.FlightBookingOnewaySteps -->
